Running tests ...
[1A[KRunning 28 tests in 1 runtime ...
[1A[K[1m[32m28 tests, 133 assertions, 1 runtime ... OK[0m
------------------|-----------|-----------|-----------|-----------|
File              |   % Stmts |% Branches |   % Funcs |   % Lines |
------------------|-----------|-----------|-----------|-----------|
   lib/           |       100 |       100 |       100 |       100 |
      checker.js  |       100 |       100 |       100 |       100 |
      cli.js      |       100 |       100 |       100 |       100 |
      cmdt.js     |       100 |       100 |       100 |       100 |
      test.js     |       100 |       100 |       100 |       100 |
   lib/reporters/ |       100 |       100 |       100 |       100 |
      console.js  |       100 |       100 |       100 |       100 |
------------------|-----------|-----------|-----------|-----------|
All files         |       100 |       100 |       100 |       100 |
------------------|-----------|-----------|-----------|-----------|


=============================== Coverage summary ===============================
Statements   : 100% ( 197/197 )
Branches     : 100% ( 52/52 )
Functions    : 100% ( 43/43 )
Lines        : 100% ( 197/197 )
================================================================================
